0 info it worked if it ends with ok
1 verbose cli [ '/usr/bin/node', '/usr/bin/npm', 'install', 'adonisjs/cli' ]
2 info using npm@3.5.2
3 info using node@v8.10.0
4 silly loadCurrentTree Starting
5 silly install loadCurrentTree
6 silly install readLocalPackageData
7 silly fetchPackageMetaData adonisjs/cli
8 silly fetchOtherPackageData adonisjs/cli
9 silly cache add args [ 'adonisjs/cli', null ]
10 verbose cache add spec adonisjs/cli
11 silly cache add parsed spec Result {
11 silly cache add   raw: 'adonisjs/cli',
11 silly cache add   scope: null,
11 silly cache add   name: null,
11 silly cache add   rawSpec: 'adonisjs/cli',
11 silly cache add   spec: 'github:adonisjs/cli',
11 silly cache add   type: 'hosted',
11 silly cache add   hosted:
11 silly cache add    { type: 'github',
11 silly cache add      ssh: 'git@github.com:adonisjs/cli.git',
11 silly cache add      sshUrl: 'git+ssh://git@github.com/adonisjs/cli.git',
11 silly cache add      httpsUrl: 'git+https://github.com/adonisjs/cli.git',
11 silly cache add      gitUrl: 'git://github.com/adonisjs/cli.git',
11 silly cache add      shortcut: 'github:adonisjs/cli',
11 silly cache add      directUrl: 'https://raw.githubusercontent.com/adonisjs/cli/master/package.json' } }
12 verbose addRemoteGit caching adonisjs/cli
13 verbose addRemoteGit adonisjs/cli is a repository hosted by github
14 silly tryGitProto attempting to clone git://github.com/adonisjs/cli.git
15 silly tryClone cloning adonisjs/cli via git://github.com/adonisjs/cli.git
16 verbose tryClone git-github-com-adonisjs-cli-git-8755ab91 not in flight; caching
17 info git [ 'config', '--get', 'remote.origin.url' ]
18 warn addRemoteGit Error: Command failed: git config --get remote.origin.url
18 warn addRemoteGit
18 warn addRemoteGit     at ChildProcess.exithandler (child_process.js:275:12)
18 warn addRemoteGit     at emitTwo (events.js:126:13)
18 warn addRemoteGit     at ChildProcess.emit (events.js:214:7)
18 warn addRemoteGit     at maybeClose (internal/child_process.js:925:16)
18 warn addRemoteGit     at Socket.stream.socket.on (internal/child_process.js:346:11)
18 warn addRemoteGit     at emitOne (events.js:116:13)
18 warn addRemoteGit     at Socket.emit (events.js:211:7)
18 warn addRemoteGit     at Pipe._handle.close [as _onclose] (net.js:567:12)
18 warn addRemoteGit  adonisjs/cli resetting remote /home/drmode/.npm/_git-remotes/git-github-com-adonisjs-cli-git-8755ab91 because of error: { Error: Command failed: git config --get remote.origin.url
18 warn addRemoteGit
18 warn addRemoteGit     at ChildProcess.exithandler (child_process.js:275:12)
18 warn addRemoteGit     at emitTwo (events.js:126:13)
18 warn addRemoteGit     at ChildProcess.emit (events.js:214:7)
18 warn addRemoteGit     at maybeClose (internal/child_process.js:925:16)
18 warn addRemoteGit     at Socket.stream.socket.on (internal/child_process.js:346:11)
18 warn addRemoteGit     at emitOne (events.js:116:13)
18 warn addRemoteGit     at Socket.emit (events.js:211:7)
18 warn addRemoteGit     at Pipe._handle.close [as _onclose] (net.js:567:12)
18 warn addRemoteGit   killed: false,
18 warn addRemoteGit   code: 1,
18 warn addRemoteGit   signal: null,
18 warn addRemoteGit   cmd: 'git config --get remote.origin.url' }
19 info resetRemote resetting /home/drmode/.npm/_git-remotes/git-github-com-adonisjs-cli-git-8755ab91 for adonisjs/cli
20 silly gentlyRm /home/drmode/.npm/_git-remotes/git-github-com-adonisjs-cli-git-8755ab91 is being purged
21 verbose gentlyRm don't care about contents; nuking /home/drmode/.npm/_git-remotes/git-github-com-adonisjs-cli-git-8755ab91
22 silly vacuum-fs purging /home/drmode/.npm/_git-remotes/git-github-com-adonisjs-cli-git-8755ab91
23 silly vacuum-fs quitting because other entries in /home/drmode/.npm/_git-remotes
24 info git [ 'clone',
24 info git   '--template=/home/drmode/.npm/_git-remotes/_templates',
24 info git   '--mirror',
24 info git   'git://github.com/adonisjs/cli.git',
24 info git   '/home/drmode/.npm/_git-remotes/git-github-com-adonisjs-cli-git-8755ab91' ]
25 error git clone --template=/home/drmode/.npm/_git-remotes/_templates --mirror git://github.com/adonisjs/cli.git /home/drmode/.npm/_git-remotes/git-github-com-adonisjs-cli-git-8755ab91: Cloning into bare repository '/home/drmode/.npm/_git-remotes/git-github-com-adonisjs-cli-git-8755ab91'...
25 error git clone --template=/home/drmode/.npm/_git-remotes/_templates --mirror git://github.com/adonisjs/cli.git /home/drmode/.npm/_git-remotes/git-github-com-adonisjs-cli-git-8755ab91: fatal: remote error:
25 error git clone --template=/home/drmode/.npm/_git-remotes/_templates --mirror git://github.com/adonisjs/cli.git /home/drmode/.npm/_git-remotes/git-github-com-adonisjs-cli-git-8755ab91:   Repository not found.
26 silly tryHTTPS attempting to clone git+https://github.com/adonisjs/cli.git
27 silly tryClone cloning adonisjs/cli via git+https://github.com/adonisjs/cli.git
28 verbose tryClone git-https-github-com-adonisjs-cli-git-95c7d2dd not in flight; caching
29 info git [ 'config', '--get', 'remote.origin.url' ]
30 warn addRemoteGit Error: Command failed: git config --get remote.origin.url
30 warn addRemoteGit
30 warn addRemoteGit     at ChildProcess.exithandler (child_process.js:275:12)
30 warn addRemoteGit     at emitTwo (events.js:126:13)
30 warn addRemoteGit     at ChildProcess.emit (events.js:214:7)
30 warn addRemoteGit     at maybeClose (internal/child_process.js:925:16)
30 warn addRemoteGit     at Process.ChildProcess._handle.onexit (internal/child_process.js:209:5)
30 warn addRemoteGit  adonisjs/cli resetting remote /home/drmode/.npm/_git-remotes/git-https-github-com-adonisjs-cli-git-95c7d2dd because of error: { Error: Command failed: git config --get remote.origin.url
30 warn addRemoteGit
30 warn addRemoteGit     at ChildProcess.exithandler (child_process.js:275:12)
30 warn addRemoteGit     at emitTwo (events.js:126:13)
30 warn addRemoteGit     at ChildProcess.emit (events.js:214:7)
30 warn addRemoteGit     at maybeClose (internal/child_process.js:925:16)
30 warn addRemoteGit     at Process.ChildProcess._handle.onexit (internal/child_process.js:209:5)
30 warn addRemoteGit   killed: false,
30 warn addRemoteGit   code: 1,
30 warn addRemoteGit   signal: null,
30 warn addRemoteGit   cmd: 'git config --get remote.origin.url' }
31 info resetRemote resetting /home/drmode/.npm/_git-remotes/git-https-github-com-adonisjs-cli-git-95c7d2dd for adonisjs/cli
32 silly gentlyRm /home/drmode/.npm/_git-remotes/git-https-github-com-adonisjs-cli-git-95c7d2dd is being purged
33 verbose gentlyRm don't care about contents; nuking /home/drmode/.npm/_git-remotes/git-https-github-com-adonisjs-cli-git-95c7d2dd
34 silly vacuum-fs purging /home/drmode/.npm/_git-remotes/git-https-github-com-adonisjs-cli-git-95c7d2dd
35 silly vacuum-fs quitting because other entries in /home/drmode/.npm/_git-remotes
36 info git [ 'clone',
36 info git   '--template=/home/drmode/.npm/_git-remotes/_templates',
36 info git   '--mirror',
36 info git   'https://github.com/adonisjs/cli.git',
36 info git   '/home/drmode/.npm/_git-remotes/git-https-github-com-adonisjs-cli-git-95c7d2dd' ]
37 error git clone --template=/home/drmode/.npm/_git-remotes/_templates --mirror https://github.com/adonisjs/cli.git /home/drmode/.npm/_git-remotes/git-https-github-com-adonisjs-cli-git-95c7d2dd: Cloning into bare repository '/home/drmode/.npm/_git-remotes/git-https-github-com-adonisjs-cli-git-95c7d2dd'...
37 error git clone --template=/home/drmode/.npm/_git-remotes/_templates --mirror https://github.com/adonisjs/cli.git /home/drmode/.npm/_git-remotes/git-https-github-com-adonisjs-cli-git-95c7d2dd: remote: Invalid username or password.
37 error git clone --template=/home/drmode/.npm/_git-remotes/_templates --mirror https://github.com/adonisjs/cli.git /home/drmode/.npm/_git-remotes/git-https-github-com-adonisjs-cli-git-95c7d2dd: fatal: Authentication failed for 'https://github.com/adonisjs/cli.git/'
38 silly trySSH attempting to clone git@github.com:adonisjs/cli.git
39 silly tryClone cloning adonisjs/cli via git@github.com:adonisjs/cli.git
40 verbose tryClone git-github-com-adonisjs-cli-git-74e8bb9f not in flight; caching
41 info git [ 'config', '--get', 'remote.origin.url' ]
42 warn addRemoteGit Error: Command failed: git config --get remote.origin.url
42 warn addRemoteGit
42 warn addRemoteGit     at ChildProcess.exithandler (child_process.js:275:12)
42 warn addRemoteGit     at emitTwo (events.js:126:13)
42 warn addRemoteGit     at ChildProcess.emit (events.js:214:7)
42 warn addRemoteGit     at maybeClose (internal/child_process.js:925:16)
42 warn addRemoteGit     at Socket.stream.socket.on (internal/child_process.js:346:11)
42 warn addRemoteGit     at emitOne (events.js:116:13)
42 warn addRemoteGit     at Socket.emit (events.js:211:7)
42 warn addRemoteGit     at Pipe._handle.close [as _onclose] (net.js:567:12)
42 warn addRemoteGit  adonisjs/cli resetting remote /home/drmode/.npm/_git-remotes/git-github-com-adonisjs-cli-git-74e8bb9f because of error: { Error: Command failed: git config --get remote.origin.url
42 warn addRemoteGit
42 warn addRemoteGit     at ChildProcess.exithandler (child_process.js:275:12)
42 warn addRemoteGit     at emitTwo (events.js:126:13)
42 warn addRemoteGit     at ChildProcess.emit (events.js:214:7)
42 warn addRemoteGit     at maybeClose (internal/child_process.js:925:16)
42 warn addRemoteGit     at Socket.stream.socket.on (internal/child_process.js:346:11)
42 warn addRemoteGit     at emitOne (events.js:116:13)
42 warn addRemoteGit     at Socket.emit (events.js:211:7)
42 warn addRemoteGit     at Pipe._handle.close [as _onclose] (net.js:567:12)
42 warn addRemoteGit   killed: false,
42 warn addRemoteGit   code: 1,
42 warn addRemoteGit   signal: null,
42 warn addRemoteGit   cmd: 'git config --get remote.origin.url' }
43 info resetRemote resetting /home/drmode/.npm/_git-remotes/git-github-com-adonisjs-cli-git-74e8bb9f for adonisjs/cli
44 silly gentlyRm /home/drmode/.npm/_git-remotes/git-github-com-adonisjs-cli-git-74e8bb9f is being purged
45 verbose gentlyRm don't care about contents; nuking /home/drmode/.npm/_git-remotes/git-github-com-adonisjs-cli-git-74e8bb9f
46 silly vacuum-fs purging /home/drmode/.npm/_git-remotes/git-github-com-adonisjs-cli-git-74e8bb9f
47 silly vacuum-fs quitting because other entries in /home/drmode/.npm/_git-remotes
48 info git [ 'clone',
48 info git   '--template=/home/drmode/.npm/_git-remotes/_templates',
48 info git   '--mirror',
48 info git   'git@github.com:adonisjs/cli.git',
48 info git   '/home/drmode/.npm/_git-remotes/git-github-com-adonisjs-cli-git-74e8bb9f' ]
49 error git clone --template=/home/drmode/.npm/_git-remotes/_templates --mirror git@github.com:adonisjs/cli.git /home/drmode/.npm/_git-remotes/git-github-com-adonisjs-cli-git-74e8bb9f: Cloning into bare repository '/home/drmode/.npm/_git-remotes/git-github-com-adonisjs-cli-git-74e8bb9f'...
49 error git clone --template=/home/drmode/.npm/_git-remotes/_templates --mirror git@github.com:adonisjs/cli.git /home/drmode/.npm/_git-remotes/git-github-com-adonisjs-cli-git-74e8bb9f: git@github.com: Permission denied (publickey).
49 error git clone --template=/home/drmode/.npm/_git-remotes/_templates --mirror git@github.com:adonisjs/cli.git /home/drmode/.npm/_git-remotes/git-github-com-adonisjs-cli-git-74e8bb9f: fatal: Could not read from remote repository.
49 error git clone --template=/home/drmode/.npm/_git-remotes/_templates --mirror git@github.com:adonisjs/cli.git /home/drmode/.npm/_git-remotes/git-github-com-adonisjs-cli-git-74e8bb9f:
49 error git clone --template=/home/drmode/.npm/_git-remotes/_templates --mirror git@github.com:adonisjs/cli.git /home/drmode/.npm/_git-remotes/git-github-com-adonisjs-cli-git-74e8bb9f: Please make sure you have the correct access rights
49 error git clone --template=/home/drmode/.npm/_git-remotes/_templates --mirror git@github.com:adonisjs/cli.git /home/drmode/.npm/_git-remotes/git-github-com-adonisjs-cli-git-74e8bb9f: and the repository exists.
50 silly fetchPackageMetaData Error: Command failed: git clone --template=/home/drmode/.npm/_git-remotes/_templates --mirror git@github.com:adonisjs/cli.git /home/drmode/.npm/_git-remotes/git-github-com-adonisjs-cli-git-74e8bb9f
50 silly fetchPackageMetaData Cloning into bare repository '/home/drmode/.npm/_git-remotes/git-github-com-adonisjs-cli-git-74e8bb9f'...
50 silly fetchPackageMetaData git@github.com: Permission denied (publickey).
50 silly fetchPackageMetaData fatal: Could not read from remote repository.
50 silly fetchPackageMetaData
50 silly fetchPackageMetaData Please make sure you have the correct access rights
50 silly fetchPackageMetaData and the repository exists.
50 silly fetchPackageMetaData
50 silly fetchPackageMetaData     at ChildProcess.exithandler (child_process.js:275:12)
50 silly fetchPackageMetaData     at emitTwo (events.js:126:13)
50 silly fetchPackageMetaData     at ChildProcess.emit (events.js:214:7)
50 silly fetchPackageMetaData     at maybeClose (internal/child_process.js:925:16)
50 silly fetchPackageMetaData     at Process.ChildProcess._handle.onexit (internal/child_process.js:209:5)
50 silly fetchPackageMetaData  error for adonisjs/cli { Error: Command failed: git clone --template=/home/drmode/.npm/_git-remotes/_templates --mirror git@github.com:adonisjs/cli.git /home/drmode/.npm/_git-remotes/git-github-com-adonisjs-cli-git-74e8bb9f
50 silly fetchPackageMetaData Cloning into bare repository '/home/drmode/.npm/_git-remotes/git-github-com-adonisjs-cli-git-74e8bb9f'...
50 silly fetchPackageMetaData git@github.com: Permission denied (publickey).
50 silly fetchPackageMetaData fatal: Could not read from remote repository.
50 silly fetchPackageMetaData
50 silly fetchPackageMetaData Please make sure you have the correct access rights
50 silly fetchPackageMetaData and the repository exists.
50 silly fetchPackageMetaData
50 silly fetchPackageMetaData     at ChildProcess.exithandler (child_process.js:275:12)
50 silly fetchPackageMetaData     at emitTwo (events.js:126:13)
50 silly fetchPackageMetaData     at ChildProcess.emit (events.js:214:7)
50 silly fetchPackageMetaData     at maybeClose (internal/child_process.js:925:16)
50 silly fetchPackageMetaData     at Process.ChildProcess._handle.onexit (internal/child_process.js:209:5)
50 silly fetchPackageMetaData   killed: false,
50 silly fetchPackageMetaData   code: 128,
50 silly fetchPackageMetaData   signal: null,
50 silly fetchPackageMetaData   cmd: 'git clone --template=/home/drmode/.npm/_git-remotes/_templates --mirror git@github.com:adonisjs/cli.git /home/drmode/.npm/_git-remotes/git-github-com-adonisjs-cli-git-74e8bb9f' }
51 silly rollbackFailedOptional Starting
52 silly rollbackFailedOptional Finishing
53 silly runTopLevelLifecycles Starting
54 silly runTopLevelLifecycles Finishing
55 silly install printInstalled
56 verbose stack Error: Command failed: git clone --template=/home/drmode/.npm/_git-remotes/_templates --mirror git@github.com:adonisjs/cli.git /home/drmode/.npm/_git-remotes/git-github-com-adonisjs-cli-git-74e8bb9f
56 verbose stack Cloning into bare repository '/home/drmode/.npm/_git-remotes/git-github-com-adonisjs-cli-git-74e8bb9f'...
56 verbose stack git@github.com: Permission denied (publickey).
56 verbose stack fatal: Could not read from remote repository.
56 verbose stack
56 verbose stack Please make sure you have the correct access rights
56 verbose stack and the repository exists.
56 verbose stack
56 verbose stack     at ChildProcess.exithandler (child_process.js:275:12)
56 verbose stack     at emitTwo (events.js:126:13)
56 verbose stack     at ChildProcess.emit (events.js:214:7)
56 verbose stack     at maybeClose (internal/child_process.js:925:16)
56 verbose stack     at Process.ChildProcess._handle.onexit (internal/child_process.js:209:5)
57 verbose cwd /home/drmode/DEV/ecommerce
58 error Linux 5.3.0-46-generic
59 error argv "/usr/bin/node" "/usr/bin/npm" "install" "adonisjs/cli"
60 error node v8.10.0
61 error npm  v3.5.2
62 error code 128
63 error Command failed: git clone --template=/home/drmode/.npm/_git-remotes/_templates --mirror git@github.com:adonisjs/cli.git /home/drmode/.npm/_git-remotes/git-github-com-adonisjs-cli-git-74e8bb9f
63 error Cloning into bare repository '/home/drmode/.npm/_git-remotes/git-github-com-adonisjs-cli-git-74e8bb9f'...
63 error git@github.com: Permission denied (publickey).
63 error fatal: Could not read from remote repository.
63 error
63 error Please make sure you have the correct access rights
63 error and the repository exists.
64 error If you need help, you may report this error at:
64 error     <https://github.com/npm/npm/issues>
65 verbose exit [ 1, true ]
